<?xml version="1.0" encoding="UTF-8"?>
<!-- Generated by org.testng.reporters.JUnitXMLReporter -->
<testsuite ignored="0" hostname="LTIN519517" failures="0" tests="12" name="Default test" time="56.899" errors="0" timestamp="2025-08-12T17:18:54 IST">
  <testcase classname="Project.FindBikes" name="Maximize" time="8.136"/>
  <testcase classname="Project.FindBikes" name="searchBikes" time="2.524"/>
  <testcase classname="Project.FindBikes" name="upcoming" time="4.049"/>
  <testcase classname="Project.FindBikes" name="selectbrand" time="0.895"/>
  <testcase classname="Project.FindBikes" name="getBikes" time="3.859"/>
  <testcase classname="Project.FindBikes" name="getPrices" time="0.367"/>
  <testcase classname="Project.FindBikes" name="getdates" time="0.203"/>
  <testcase classname="Project.FindBikes" name="more" time="5.67"/>
  <testcase classname="Project.FindBikes" name="selectCity" time="0.768"/>
  <testcase classname="Project.FindBikes" name="getbrands" time="1.834"/>
  <testcase classname="Project.FindBikes" name="gmailLogin" time="10.854"/>
  <testcase classname="Project.FindBikes" name="screenShot" time="0.186"/>
</testsuite> <!-- Default test -->
