<?xml version="1.0" encoding="UTF-8"?>
<!-- Generated by org.testng.reporters.JUnitXMLReporter -->
<testsuite ignored="0" hostname="LTIN519517" failures="0" tests="12" name="Test" time="60.591" errors="0" timestamp="2025-08-12T17:50:51 IST">
  <testcase classname="Project.FindBikes" name="Maximize" time="5.133"/>
  <testcase classname="Project.FindBikes" name="searchBikes" time="4.193"/>
  <testcase classname="Project.FindBikes" name="upcoming" time="2.871"/>
  <testcase classname="Project.FindBikes" name="selectbrand" time="0.95"/>
  <testcase classname="Project.FindBikes" name="getBikes" time="4.719"/>
  <testcase classname="Project.FindBikes" name="getPrices" time="0.168"/>
  <testcase classname="Project.FindBikes" name="getdates" time="0.182"/>
  <testcase classname="Project.FindBikes" name="more" time="5.345"/>
  <testcase classname="Project.FindBikes" name="selectCity" time="0.856"/>
  <testcase classname="Project.FindBikes" name="getbrands" time="1.561"/>
  <testcase classname="Project.FindBikes" name="gmailLogin" time="11.131"/>
  <testcase classname="Project.FindBikes" name="screenShot" time="0.209"/>
</testsuite> <!-- Test -->
