<?xml version="1.0" encoding="UTF-8"?>
<!-- Generated by org.testng.reporters.JUnitXMLReporter -->
<testsuite ignored="0" hostname="LTIN519517" failures="0" tests="12" name="Test1" time="47.203" errors="0" timestamp="2025-08-13T15:34:01 IST">
  <testcase classname="Project.FindBikes" name="Maximize" time="6.036"/>
  <testcase classname="Project.FindBikes" name="searchBikes" time="4.274"/>
  <testcase classname="Project.FindBikes" name="upcoming" time="1.849"/>
  <testcase classname="Project.FindBikes" name="selectbrand" time="1.334"/>
  <testcase classname="Project.FindBikes" name="getBikes" time="1.957"/>
  <testcase classname="Project.FindBikes" name="getPrices" time="0.157"/>
  <testcase classname="Project.FindBikes" name="getdates" time="0.185"/>
  <testcase classname="Project.FindBikes" name="more" time="5.151"/>
  <testcase classname="Project.FindBikes" name="selectCity" time="0.659"/>
  <testcase classname="Project.FindBikes" name="getbrands" time="1.161"/>
  <testcase classname="Project.FindBikes" name="gmailLogin" time="11.531"/>
  <testcase classname="Project.FindBikes" name="screenShot" time="0.215"/>
</testsuite> <!-- Test1 -->
