<?xml version="1.0" encoding="UTF-8"?>
<!-- Generated by org.testng.reporters.JUnitXMLReporter -->
<testsuite ignored="0" hostname="LTIN519517" failures="0" tests="12" name="Test" time="47.459" errors="0" timestamp="2025-08-18T15:20:54 IST">
  <testcase classname="Project.FindBikes" name="Maximize" time="3.747"/>
  <testcase classname="Project.FindBikes" name="searchBikes" time="2.82"/>
  <testcase classname="Project.FindBikes" name="upcoming" time="2.882"/>
  <testcase classname="Project.FindBikes" name="selectbrand" time="1.122"/>
  <testcase classname="Project.FindBikes" name="getBikes" time="3.183"/>
  <testcase classname="Project.FindBikes" name="getPrices" time="0.156"/>
  <testcase classname="Project.FindBikes" name="getdates" time="0.175"/>
  <testcase classname="Project.FindBikes" name="more" time="4.755"/>
  <testcase classname="Project.FindBikes" name="selectCity" time="0.697"/>
  <testcase classname="Project.FindBikes" name="getbrands" time="0.981"/>
  <testcase classname="Project.FindBikes" name="gmailLogin" time="11.472"/>
  <testcase classname="Project.FindBikes" name="screenShot" time="0.174"/>
</testsuite> <!-- Test -->
