<?xml version="1.0" encoding="UTF-8"?>
<testng-results ignored="0" total="12" passed="12" failed="0" skipped="0">
  <reporter-output>
  </reporter-output>
  <suite started-at="2025-08-12T17:49:45 IST" name="Suite" finished-at="2025-08-12T17:50:46 IST" duration-ms="60591">
    <groups>
    </groups>
    <test started-at="2025-08-12T17:49:45 IST" name="Test" finished-at="2025-08-12T17:50:46 IST" duration-ms="60591">
      <class name="Project.FindBikes">
        <test-method is-config="true" signature="DriverSetup()[pri:0, instance:Project.FindBikes@45c7e403]" started-at="2025-08-12T17:49:46 IST" name="DriverSetup" finished-at="2025-08-12T17:49:58 IST" duration-ms="11336" status="PASS">
          <reporter-output>
          </reporter-output>
        </test-method> <!-- DriverSetup -->
        <test-method signature="Maximize()[pri:1, instance:Project.FindBikes@45c7e403]" started-at="2025-08-12T17:49:58 IST" name="Maximize" finished-at="2025-08-12T17:50:03 IST" duration-ms="5133" status="PASS">
          <reporter-output>
          </reporter-output>
        </test-method> <!-- Maximize -->
        <test-method signature="searchBikes()[pri:2, instance:Project.FindBikes@45c7e403]" started-at="2025-08-12T17:50:03 IST" name="searchBikes" finished-at="2025-08-12T17:50:07 IST" duration-ms="4193" status="PASS">
          <reporter-output>
          </reporter-output>
        </test-method> <!-- searchBikes -->
        <test-method signature="upcoming()[pri:3, instance:Project.FindBikes@45c7e403]" started-at="2025-08-12T17:50:07 IST" name="upcoming" finished-at="2025-08-12T17:50:10 IST" duration-ms="2871" status="PASS">
          <reporter-output>
          </reporter-output>
        </test-method> <!-- upcoming -->
        <test-method signature="selectbrand()[pri:4, instance:Project.FindBikes@45c7e403]" started-at="2025-08-12T17:50:10 IST" name="selectbrand" finished-at="2025-08-12T17:50:11 IST" duration-ms="950" status="PASS">
          <reporter-output>
          </reporter-output>
        </test-method> <!-- selectbrand -->
        <test-method signature="getBikes()[pri:5, instance:Project.FindBikes@45c7e403]" started-at="2025-08-12T17:50:11 IST" name="getBikes" finished-at="2025-08-12T17:50:16 IST" duration-ms="4719" status="PASS">
          <reporter-output>
          </reporter-output>
        </test-method> <!-- getBikes -->
        <test-method signature="getPrices()[pri:6, instance:Project.FindBikes@45c7e403]" started-at="2025-08-12T17:50:16 IST" name="getPrices" finished-at="2025-08-12T17:50:16 IST" duration-ms="168" status="PASS">
          <reporter-output>
          </reporter-output>
        </test-method> <!-- getPrices -->
        <test-method signature="getdates()[pri:7, instance:Project.FindBikes@45c7e403]" started-at="2025-08-12T17:50:16 IST" name="getdates" finished-at="2025-08-12T17:50:16 IST" duration-ms="182" status="PASS">
          <reporter-output>
          </reporter-output>
        </test-method> <!-- getdates -->
        <test-method signature="more()[pri:8, instance:Project.FindBikes@45c7e403]" started-at="2025-08-12T17:50:16 IST" name="more" finished-at="2025-08-12T17:50:21 IST" duration-ms="5345" status="PASS">
          <reporter-output>
          </reporter-output>
        </test-method> <!-- more -->
        <test-method signature="selectCity()[pri:9, instance:Project.FindBikes@45c7e403]" started-at="2025-08-12T17:50:21 IST" name="selectCity" finished-at="2025-08-12T17:50:22 IST" duration-ms="856" status="PASS">
          <reporter-output>
          </reporter-output>
        </test-method> <!-- selectCity -->
        <test-method signature="getbrands()[pri:10, instance:Project.FindBikes@45c7e403]" started-at="2025-08-12T17:50:22 IST" name="getbrands" finished-at="2025-08-12T17:50:24 IST" duration-ms="1561" status="PASS">
          <reporter-output>
          </reporter-output>
        </test-method> <!-- getbrands -->
        <test-method signature="gmailLogin()[pri:11, instance:Project.FindBikes@45c7e403]" started-at="2025-08-12T17:50:24 IST" name="gmailLogin" finished-at="2025-08-12T17:50:35 IST" duration-ms="11131" status="PASS">
          <reporter-output>
          </reporter-output>
        </test-method> <!-- gmailLogin -->
        <test-method signature="screenShot()[pri:12, instance:Project.FindBikes@45c7e403]" started-at="2025-08-12T17:50:35 IST" name="screenShot" finished-at="2025-08-12T17:50:35 IST" duration-ms="209" status="PASS">
          <reporter-output>
          </reporter-output>
        </test-method> <!-- screenShot -->
        <test-method is-config="true" signature="close()[pri:0, instance:Project.FindBikes@45c7e403]" started-at="2025-08-12T17:50:35 IST" name="close" finished-at="2025-08-12T17:50:46 IST" duration-ms="10623" status="PASS">
          <reporter-output>
          </reporter-output>
        </test-method> <!-- close -->
      </class> <!-- Project.FindBikes -->
    </test> <!-- Test -->
  </suite> <!-- Suite -->
</testng-results>
