<?xml version="1.0" encoding="UTF-8"?>
<testng-results ignored="0" total="24" passed="24" failed="0" skipped="0">
  <reporter-output>
  </reporter-output>
  <suite started-at="2025-08-18T15:20:03 IST" name="Suite" finished-at="2025-08-18T15:21:44 IST" duration-ms="101662">
    <groups>
    </groups>
    <test started-at="2025-08-18T15:20:03 IST" name="Test" finished-at="2025-08-18T15:20:50 IST" duration-ms="47459">
      <class name="Project.FindBikes">
        <test-method is-config="true" signature="DriverSetup(java.lang.String)[pri:0, instance:Project.FindBikes@b2c9a9c]" started-at="2025-08-18T15:20:04 IST" name="DriverSetup" finished-at="2025-08-18T15:20:11 IST" duration-ms="7662" status="PASS">
          <params>
            <param index="0">
              <value>
                <![CDATA[chrome]]>
              </value>
            </param>
          </params>
          <reporter-output>
          </reporter-output>
        </test-method> <!-- DriverSetup -->
        <test-method signature="Maximize(java.lang.String)[pri:1, instance:Project.FindBikes@b2c9a9c]" started-at="2025-08-18T15:20:11 IST" name="Maximize" finished-at="2025-08-18T15:20:15 IST" duration-ms="3747" status="PASS">
          <params>
            <param index="0">
              <value>
                <![CDATA[chrome]]>
              </value>
            </param>
          </params>
          <reporter-output>
          </reporter-output>
        </test-method> <!-- Maximize -->
        <test-method signature="searchBikes(java.lang.String)[pri:2, instance:Project.FindBikes@b2c9a9c]" started-at="2025-08-18T15:20:15 IST" name="searchBikes" finished-at="2025-08-18T15:20:18 IST" duration-ms="2820" status="PASS">
          <params>
            <param index="0">
              <value>
                <![CDATA[chrome]]>
              </value>
            </param>
          </params>
          <reporter-output>
          </reporter-output>
        </test-method> <!-- searchBikes -->
        <test-method signature="upcoming(java.lang.String)[pri:3, instance:Project.FindBikes@b2c9a9c]" started-at="2025-08-18T15:20:18 IST" name="upcoming" finished-at="2025-08-18T15:20:21 IST" duration-ms="2882" status="PASS">
          <params>
            <param index="0">
              <value>
                <![CDATA[chrome]]>
              </value>
            </param>
          </params>
          <reporter-output>
          </reporter-output>
        </test-method> <!-- upcoming -->
        <test-method signature="selectbrand(java.lang.String)[pri:4, instance:Project.FindBikes@b2c9a9c]" started-at="2025-08-18T15:20:21 IST" name="selectbrand" finished-at="2025-08-18T15:20:22 IST" duration-ms="1122" status="PASS">
          <params>
            <param index="0">
              <value>
                <![CDATA[chrome]]>
              </value>
            </param>
          </params>
          <reporter-output>
          </reporter-output>
        </test-method> <!-- selectbrand -->
        <test-method signature="getBikes(java.lang.String)[pri:5, instance:Project.FindBikes@b2c9a9c]" started-at="2025-08-18T15:20:22 IST" name="getBikes" finished-at="2025-08-18T15:20:25 IST" duration-ms="3183" status="PASS">
          <params>
            <param index="0">
              <value>
                <![CDATA[chrome]]>
              </value>
            </param>
          </params>
          <reporter-output>
          </reporter-output>
        </test-method> <!-- getBikes -->
        <test-method signature="getPrices(java.lang.String)[pri:6, instance:Project.FindBikes@b2c9a9c]" started-at="2025-08-18T15:20:25 IST" name="getPrices" finished-at="2025-08-18T15:20:25 IST" duration-ms="156" status="PASS">
          <params>
            <param index="0">
              <value>
                <![CDATA[chrome]]>
              </value>
            </param>
          </params>
          <reporter-output>
          </reporter-output>
        </test-method> <!-- getPrices -->
        <test-method signature="getdates(java.lang.String)[pri:7, instance:Project.FindBikes@b2c9a9c]" started-at="2025-08-18T15:20:25 IST" name="getdates" finished-at="2025-08-18T15:20:26 IST" duration-ms="175" status="PASS">
          <params>
            <param index="0">
              <value>
                <![CDATA[chrome]]>
              </value>
            </param>
          </params>
          <reporter-output>
          </reporter-output>
        </test-method> <!-- getdates -->
        <test-method signature="more(java.lang.String)[pri:8, instance:Project.FindBikes@b2c9a9c]" started-at="2025-08-18T15:20:26 IST" name="more" finished-at="2025-08-18T15:20:30 IST" duration-ms="4755" status="PASS">
          <params>
            <param index="0">
              <value>
                <![CDATA[chrome]]>
              </value>
            </param>
          </params>
          <reporter-output>
          </reporter-output>
        </test-method> <!-- more -->
        <test-method signature="selectCity(java.lang.String)[pri:9, instance:Project.FindBikes@b2c9a9c]" started-at="2025-08-18T15:20:30 IST" name="selectCity" finished-at="2025-08-18T15:20:31 IST" duration-ms="697" status="PASS">
          <params>
            <param index="0">
              <value>
                <![CDATA[chrome]]>
              </value>
            </param>
          </params>
          <reporter-output>
          </reporter-output>
        </test-method> <!-- selectCity -->
        <test-method signature="getbrands(java.lang.String)[pri:10, instance:Project.FindBikes@b2c9a9c]" started-at="2025-08-18T15:20:31 IST" name="getbrands" finished-at="2025-08-18T15:20:32 IST" duration-ms="981" status="PASS">
          <params>
            <param index="0">
              <value>
                <![CDATA[chrome]]>
              </value>
            </param>
          </params>
          <reporter-output>
          </reporter-output>
        </test-method> <!-- getbrands -->
        <test-method signature="gmailLogin(java.lang.String)[pri:11, instance:Project.FindBikes@b2c9a9c]" started-at="2025-08-18T15:20:32 IST" name="gmailLogin" finished-at="2025-08-18T15:20:43 IST" duration-ms="11472" status="PASS">
          <params>
            <param index="0">
              <value>
                <![CDATA[chrome]]>
              </value>
            </param>
          </params>
          <reporter-output>
          </reporter-output>
        </test-method> <!-- gmailLogin -->
        <test-method signature="screenShot(java.lang.String)[pri:12, instance:Project.FindBikes@b2c9a9c]" started-at="2025-08-18T15:20:43 IST" name="screenShot" finished-at="2025-08-18T15:20:44 IST" duration-ms="174" status="PASS">
          <params>
            <param index="0">
              <value>
                <![CDATA[chrome]]>
              </value>
            </param>
          </params>
          <reporter-output>
          </reporter-output>
        </test-method> <!-- screenShot -->
        <test-method is-config="true" signature="close()[pri:0, instance:Project.FindBikes@b2c9a9c]" started-at="2025-08-18T15:20:44 IST" name="close" finished-at="2025-08-18T15:20:50 IST" duration-ms="6560" status="PASS">
          <reporter-output>
          </reporter-output>
        </test-method> <!-- close -->
      </class> <!-- Project.FindBikes -->
    </test> <!-- Test -->
    <test started-at="2025-08-18T15:20:54 IST" name="Test1" finished-at="2025-08-18T15:21:44 IST" duration-ms="50329">
      <class name="Project.FindBikes">
        <test-method is-config="true" signature="DriverSetup(java.lang.String)[pri:0, instance:Project.FindBikes@c86b9e3]" started-at="2025-08-18T15:20:54 IST" name="DriverSetup" finished-at="2025-08-18T15:20:58 IST" duration-ms="4193" status="PASS">
          <params>
            <param index="0">
              <value>
                <![CDATA[edge]]>
              </value>
            </param>
          </params>
          <reporter-output>
          </reporter-output>
        </test-method> <!-- DriverSetup -->
        <test-method signature="Maximize(java.lang.String)[pri:1, instance:Project.FindBikes@c86b9e3]" started-at="2025-08-18T15:20:58 IST" name="Maximize" finished-at="2025-08-18T15:21:05 IST" duration-ms="6241" status="PASS">
          <params>
            <param index="0">
              <value>
                <![CDATA[edge]]>
              </value>
            </param>
          </params>
          <reporter-output>
          </reporter-output>
        </test-method> <!-- Maximize -->
        <test-method signature="searchBikes(java.lang.String)[pri:2, instance:Project.FindBikes@c86b9e3]" started-at="2025-08-18T15:21:05 IST" name="searchBikes" finished-at="2025-08-18T15:21:08 IST" duration-ms="3658" status="PASS">
          <params>
            <param index="0">
              <value>
                <![CDATA[edge]]>
              </value>
            </param>
          </params>
          <reporter-output>
          </reporter-output>
        </test-method> <!-- searchBikes -->
        <test-method signature="upcoming(java.lang.String)[pri:3, instance:Project.FindBikes@c86b9e3]" started-at="2025-08-18T15:21:08 IST" name="upcoming" finished-at="2025-08-18T15:21:10 IST" duration-ms="2009" status="PASS">
          <params>
            <param index="0">
              <value>
                <![CDATA[edge]]>
              </value>
            </param>
          </params>
          <reporter-output>
          </reporter-output>
        </test-method> <!-- upcoming -->
        <test-method signature="selectbrand(java.lang.String)[pri:4, instance:Project.FindBikes@c86b9e3]" started-at="2025-08-18T15:21:10 IST" name="selectbrand" finished-at="2025-08-18T15:21:11 IST" duration-ms="939" status="PASS">
          <params>
            <param index="0">
              <value>
                <![CDATA[edge]]>
              </value>
            </param>
          </params>
          <reporter-output>
          </reporter-output>
        </test-method> <!-- selectbrand -->
        <test-method signature="getBikes(java.lang.String)[pri:5, instance:Project.FindBikes@c86b9e3]" started-at="2025-08-18T15:21:11 IST" name="getBikes" finished-at="2025-08-18T15:21:13 IST" duration-ms="1366" status="PASS">
          <params>
            <param index="0">
              <value>
                <![CDATA[edge]]>
              </value>
            </param>
          </params>
          <reporter-output>
          </reporter-output>
        </test-method> <!-- getBikes -->
        <test-method signature="getPrices(java.lang.String)[pri:6, instance:Project.FindBikes@c86b9e3]" started-at="2025-08-18T15:21:13 IST" name="getPrices" finished-at="2025-08-18T15:21:13 IST" duration-ms="189" status="PASS">
          <params>
            <param index="0">
              <value>
                <![CDATA[edge]]>
              </value>
            </param>
          </params>
          <reporter-output>
          </reporter-output>
        </test-method> <!-- getPrices -->
        <test-method signature="getdates(java.lang.String)[pri:7, instance:Project.FindBikes@c86b9e3]" started-at="2025-08-18T15:21:13 IST" name="getdates" finished-at="2025-08-18T15:21:13 IST" duration-ms="193" status="PASS">
          <params>
            <param index="0">
              <value>
                <![CDATA[edge]]>
              </value>
            </param>
          </params>
          <reporter-output>
          </reporter-output>
        </test-method> <!-- getdates -->
        <test-method signature="more(java.lang.String)[pri:8, instance:Project.FindBikes@c86b9e3]" started-at="2025-08-18T15:21:13 IST" name="more" finished-at="2025-08-18T15:21:18 IST" duration-ms="5407" status="PASS">
          <params>
            <param index="0">
              <value>
                <![CDATA[edge]]>
              </value>
            </param>
          </params>
          <reporter-output>
          </reporter-output>
        </test-method> <!-- more -->
        <test-method signature="selectCity(java.lang.String)[pri:9, instance:Project.FindBikes@c86b9e3]" started-at="2025-08-18T15:21:18 IST" name="selectCity" finished-at="2025-08-18T15:21:19 IST" duration-ms="539" status="PASS">
          <params>
            <param index="0">
              <value>
                <![CDATA[edge]]>
              </value>
            </param>
          </params>
          <reporter-output>
          </reporter-output>
        </test-method> <!-- selectCity -->
        <test-method signature="getbrands(java.lang.String)[pri:10, instance:Project.FindBikes@c86b9e3]" started-at="2025-08-18T15:21:19 IST" name="getbrands" finished-at="2025-08-18T15:21:20 IST" duration-ms="1409" status="PASS">
          <params>
            <param index="0">
              <value>
                <![CDATA[edge]]>
              </value>
            </param>
          </params>
          <reporter-output>
          </reporter-output>
        </test-method> <!-- getbrands -->
        <test-method signature="gmailLogin(java.lang.String)[pri:11, instance:Project.FindBikes@c86b9e3]" started-at="2025-08-18T15:21:20 IST" name="gmailLogin" finished-at="2025-08-18T15:21:31 IST" duration-ms="11050" status="PASS">
          <params>
            <param index="0">
              <value>
                <![CDATA[edge]]>
              </value>
            </param>
          </params>
          <reporter-output>
          </reporter-output>
        </test-method> <!-- gmailLogin -->
        <test-method signature="screenShot(java.lang.String)[pri:12, instance:Project.FindBikes@c86b9e3]" started-at="2025-08-18T15:21:31 IST" name="screenShot" finished-at="2025-08-18T15:21:32 IST" duration-ms="204" status="PASS">
          <params>
            <param index="0">
              <value>
                <![CDATA[edge]]>
              </value>
            </param>
          </params>
          <reporter-output>
          </reporter-output>
        </test-method> <!-- screenShot -->
        <test-method is-config="true" signature="close()[pri:0, instance:Project.FindBikes@c86b9e3]" started-at="2025-08-18T15:21:32 IST" name="close" finished-at="2025-08-18T15:21:44 IST" duration-ms="12836" status="PASS">
          <reporter-output>
          </reporter-output>
        </test-method> <!-- close -->
      </class> <!-- Project.FindBikes -->
    </test> <!-- Test1 -->
  </suite> <!-- Suite -->
</testng-results>
